[0mCompiling "resources/public/js/app.js" from ["src/cljs" "env/dev/cljs"]...
[32mSuccessfully compiled "resources/public/js/app.js" in 0.527 seconds.[0m
notifying browser that file changed:  /js/out/recipes/core.js
[0mCompiling "resources/public/js/app.js" from ["src/cljs" "env/dev/cljs"]...
[32mSuccessfully compiled "resources/public/js/app.js" in 0.566 seconds.[0m
notifying browser that file changed:  /js/out/recipes/core.js
[0mCompiling "resources/public/js/app.js" from ["src/cljs" "env/dev/cljs"]...
[32mSuccessfully compiled "resources/public/js/app.js" in 0.478 seconds.[0m
notifying browser that file changed:  /js/out/recipes/core.js
[0mCompiling "resources/public/js/app.js" from ["src/cljs" "env/dev/cljs"]...
[31mCompiling "resources/public/js/app.js" failed.[0m
[31mclojure.lang.ExceptionInfo: [39m[31mfailed compiling file:src/cljs/recipes/core.cljs[39m
[35m                core.clj:4403 clojure.core/ex-info[39m
[32m            compiler.clj:1040 cljs.compiler/compile-file[39m
[32m            compiler.clj:1070 cljs.compiler/compile-root[39m
[32m              closure.clj:353 cljs.closure/compile-dir[39m
[32m              closure.clj:393 cljs.closure/eval11371[fn][39m
[32m              closure.clj:301 cljs.closure/eval11307[fn][39m
[32m              closure.clj:407 cljs.closure/eval11358[fn][39m
[32m              closure.clj:301 cljs.closure/eval11307[fn][39m
[32m                  core.clj:18 clojurescript-build.core.CompilableSourcePaths/fn[39m
[35m                core.clj:2557 clojure.core/map[fn][39m
[36m              LazySeq.java:40 clojure.lang.LazySeq.sval[39m
[36m              LazySeq.java:49 clojure.lang.LazySeq.seq[39m
[36m                  RT.java:484 clojure.lang.RT.seq[39m
[35m                 core.clj:133 clojure.core/seq[39m
[35m                 core.clj:624 clojure.core/apply[39m
[35m                core.clj:2586 clojure.core/mapcat[39m
[36m              RestFn.java:423 clojure.lang.RestFn.invoke[39m
[32m                  core.clj:18 clojurescript-build.core/clojurescript-build.core.CompilableSourcePaths[39m
[32m             closure.clj:1040 cljs.closure/build[39m
[32m                 core.clj:150 clojurescript-build.core/build-source-paths*[39m
[32m                  auto.clj:86 clojurescript-build.auto/warning[fn][39m
[32m                  auto.clj:55 clojurescript-build.auto/time-build[fn][39m
[32m                  auto.clj:64 clojurescript-build.auto/after[fn][39m
[32m                  auto.clj:64 clojurescript-build.auto/after[fn][39m
[32m                  auto.clj:64 clojurescript-build.auto/after[fn][39m
[32m                  auto.clj:71 clojurescript-build.auto/error[fn][39m
[32m                  auto.clj:60 clojurescript-build.auto/before[fn][39m
[32m                 auto.clj:103 clojurescript-build.auto/make-conditional-builder[fn][39m
[35m                core.clj:6353 clojure.core/mapv[fn][39m
[36m           ArrayChunk.java:58 clojure.lang.ArrayChunk.reduce[39m
[35m             protocols.clj:98 clojure.core.protocols/fn[39m
[35m             protocols.clj:19 clojure.core.protocols/fn[fn][39m
[35m             protocols.clj:31 clojure.core.protocols/seq-reduce[39m
[35m             protocols.clj:60 clojure.core.protocols/fn[39m
[35m             protocols.clj:13 clojure.core.protocols/fn[fn][39m
[35m                core.clj:6289 clojure.core/reduce[39m
[35m                core.clj:6353 clojure.core/mapv[39m
[32m                 auto.clj:180 clojurescript-build.auto/autobuild*[fn][39m
[32m                 auto.clj:176 clojurescript-build.auto/autobuild*[fn][39m
[35m           ioc_macros.clj:940 clojure.core.async.impl.ioc-macros/run-state-machine[39m
[35m           ioc_macros.clj:944 clojure.core.async.impl.ioc-macros/run-state-machine-wrapped[39m
[35m                async.clj:362 clojure.core.async/ioc-alts![fn][39m
[35m                async.clj:231 clojure.core.async/do-alts[fn][39m
[35m             channels.clj:262 clojure.core.async.impl.channels.ManyToManyChannel/fn[39m
[36m                  AFn.java:22 clojure.lang.AFn.run[39m
[34m ThreadPoolExecutor.java:1142 java.util.concurrent.ThreadPoolExecutor.runWorker[39m
[34m  ThreadPoolExecutor.java:617 java.util.concurrent.ThreadPoolExecutor$Worker.run[39m
[34m              Thread.java:745 java.lang.Thread.run[39m
[31mCaused by: [39m[31mclojure.lang.ExceptionInfo: [39m[31mfor requires an even number of forms in binding vector at line 110 src/cljs/recipes/core.cljs[39m
[35m                core.clj:4403 clojure.core/ex-info[39m
[32m             analyzer.clj:299 cljs.analyzer/error[39m
[32m            analyzer.clj:1577 cljs.analyzer/macroexpand-1[39m
[32m            analyzer.clj:1620 cljs.analyzer/analyze-seq[39m
[32m            analyzer.clj:1711 cljs.analyzer/analyze[fn][39m
[32m            analyzer.clj:1704 cljs.analyzer/analyze[39m
[32m            analyzer.clj:1699 cljs.analyzer/analyze[39m
[32m            analyzer.clj:1698 cljs.analyzer/analyze[39m
[32m            analyzer.clj:1647 cljs.analyzer/analyze-vector[fn][39m
[35m                core.clj:2557 clojure.core/map[fn][39m
[36m              LazySeq.java:40 clojure.lang.LazySeq.sval[39m
[36m              LazySeq.java:49 clojure.lang.LazySeq.seq[39m
[36m                  RT.java:484 clojure.lang.RT.seq[39m
[36mLazilyPersistentVector.java:31 clojure.lang.LazilyPersistentVector.create[39m
[35m                 core.clj:354 clojure.core/vec[39m
[32m            analyzer.clj:1647 cljs.analyzer/analyze-vector[fn][39m
[32m            analyzer.clj:1647 cljs.analyzer/analyze-vector[39m
[32m            analyzer.clj:1713 cljs.analyzer/analyze[fn][39m
[32m            analyzer.clj:1704 cljs.analyzer/analyze[39m
[32m            analyzer.clj:1699 cljs.analyzer/analyze[39m
[32m            analyzer.clj:1698 cljs.analyzer/analyze[39m
[32m            analyzer.clj:1647 cljs.analyzer/analyze-vector[fn][39m
[35m                core.clj:2557 clojure.core/map[fn][39m
[36m              LazySeq.java:40 clojure.lang.LazySeq.sval[39m
[36m              LazySeq.java:49 clojure.lang.LazySeq.seq[39m
[36m                  RT.java:484 clojure.lang.RT.seq[39m
[36mLazilyPersistentVector.java:31 clojure.lang.LazilyPersistentVector.create[39m
[35m                 core.clj:354 clojure.core/vec[39m
[32m            analyzer.clj:1647 cljs.analyzer/analyze-vector[fn][39m
[32m            analyzer.clj:1647 cljs.analyzer/analyze-vector[39m
[32m            analyzer.clj:1713 cljs.analyzer/analyze[fn][39m
[32m            analyzer.clj:1704 cljs.analyzer/analyze[39m
[32m            analyzer.clj:1699 cljs.analyzer/analyze[39m
[32m            analyzer.clj:1698 cljs.analyzer/analyze[39m
[32m            analyzer.clj:1647 cljs.analyzer/analyze-vector[fn][39m
[35m                core.clj:2557 clojure.core/map[fn][39m
[36m              LazySeq.java:40 clojure.lang.LazySeq.sval[39m
[36m              LazySeq.java:49 clojure.lang.LazySeq.seq[39m
[36m                  RT.java:484 clojure.lang.RT.seq[39m
[36mLazilyPersistentVector.java:31 clojure.lang.LazilyPersistentVector.create[39m
[35m                 core.clj:354 clojure.core/vec[39m
[32m            analyzer.clj:1647 cljs.analyzer/analyze-vector[fn][39m
[32m            analyzer.clj:1647 cljs.analyzer/analyze-vector[39m
[32m            analyzer.clj:1713 cljs.analyzer/analyze[fn][39m
[32m            analyzer.clj:1704 cljs.analyzer/analyze[39m
[32m            analyzer.clj:1699 cljs.analyzer/analyze[39m
[32m            analyzer.clj:1698 cljs.analyzer/analyze[39m
[32m            analyzer.clj:1647 cljs.analyzer/analyze-vector[fn][39m
[35m                core.clj:2557 clojure.core/map[fn][39m
[36m              LazySeq.java:40 clojure.lang.LazySeq.sval[39m
[36m              LazySeq.java:49 clojure.lang.LazySeq.seq[39m
[36m                  RT.java:484 clojure.lang.RT.seq[39m
[36mLazilyPersistentVector.java:31 clojure.lang.LazilyPersistentVector.create[39m
[35m                 core.clj:354 clojure.core/vec[39m
[32m            analyzer.clj:1647 cljs.analyzer/analyze-vector[fn][39m
[32m            analyzer.clj:1647 cljs.analyzer/analyze-vector[39m
[32m            analyzer.clj:1713 cljs.analyzer/analyze[fn][39m
[32m            analyzer.clj:1704 cljs.analyzer/analyze[39m
[32m            analyzer.clj:1699 cljs.analyzer/analyze[39m
[32m            analyzer.clj:1698 cljs.analyzer/analyze[39m
[32m            analyzer.clj:1647 cljs.analyzer/analyze-vector[fn][39m
[35m                core.clj:2557 clojure.core/map[fn][39m
[36m              LazySeq.java:40 clojure.lang.LazySeq.sval[39m
[36m              LazySeq.java:49 clojure.lang.LazySeq.seq[39m
[36m                  RT.java:484 clojure.lang.RT.seq[39m
[36mLazilyPersistentVector.java:31 clojure.lang.LazilyPersistentVector.create[39m
[35m                 core.clj:354 clojure.core/vec[39m
[32m            analyzer.clj:1647 cljs.analyzer/analyze-vector[fn][39m
[32m            analyzer.clj:1647 cljs.analyzer/analyze-vector[39m
[32m            analyzer.clj:1713 cljs.analyzer/analyze[fn][39m
[32m            analyzer.clj:1704 cljs.analyzer/analyze[39m
[32m            analyzer.clj:1699 cljs.analyzer/analyze[39m
[32m            analyzer.clj:1698 cljs.analyzer/analyze[39m
[32m             analyzer.clj:914 cljs.analyzer/eval827[fn][39m
[36m             MultiFn.java:249 clojure.lang.MultiFn.invoke[39m
[32m            analyzer.clj:1624 cljs.analyzer/analyze-seq[39m
[32m            analyzer.clj:1711 cljs.analyzer/analyze[fn][39m
[32m            analyzer.clj:1704 cljs.analyzer/analyze[39m
[32m            analyzer.clj:1699 cljs.analyzer/analyze[39m
[32m            analyzer.clj:1698 cljs.analyzer/analyze[39m
[32m             analyzer.clj:972 cljs.analyzer/analyze-let[fn][39m
[32m             analyzer.clj:968 cljs.analyzer/analyze-let[39m
[32m             analyzer.clj:979 cljs.analyzer/eval853[fn][39m
[36m             MultiFn.java:249 clojure.lang.MultiFn.invoke[39m
[32m            analyzer.clj:1624 cljs.analyzer/analyze-seq[39m
[32m            analyzer.clj:1711 cljs.analyzer/analyze[fn][39m
[32m            analyzer.clj:1704 cljs.analyzer/analyze[39m
[32m            analyzer.clj:1626 cljs.analyzer/analyze-seq[39m
[32m            analyzer.clj:1711 cljs.analyzer/analyze[fn][39m
[32m            analyzer.clj:1704 cljs.analyzer/analyze[39m
[32m            analyzer.clj:1699 cljs.analyzer/analyze[39m
[32m            analyzer.clj:1698 cljs.analyzer/analyze[39m
[32m             analyzer.clj:914 cljs.analyzer/eval827[fn][39m
[36m             MultiFn.java:249 clojure.lang.MultiFn.invoke[39m
[32m            analyzer.clj:1624 cljs.analyzer/analyze-seq[39m
[32m            analyzer.clj:1711 cljs.analyzer/analyze[fn][39m
[32m            analyzer.clj:1704 cljs.analyzer/analyze[39m
[32m            analyzer.clj:1699 cljs.analyzer/analyze[39m
[32m            analyzer.clj:1698 cljs.analyzer/analyze[39m
[32m             analyzer.clj:797 cljs.analyzer/analyze-fn-method[fn][39m
[32m             analyzer.clj:796 cljs.analyzer/analyze-fn-method[39m
[32m             analyzer.clj:827 cljs.analyzer/eval786[fn][39m
[35m                core.clj:2559 clojure.core/map[fn][39m
[36m              LazySeq.java:40 clojure.lang.LazySeq.sval[39m
[36m              LazySeq.java:49 clojure.lang.LazySeq.seq[39m
[36m                  RT.java:484 clojure.lang.RT.seq[39m
[35m                 core.clj:133 clojure.core/seq[39m
[35m                core.clj:2551 clojure.core/map[fn][39m
[36m              LazySeq.java:40 clojure.lang.LazySeq.sval[39m
[36m              LazySeq.java:49 clojure.lang.LazySeq.seq[39m
[36m                  RT.java:484 clojure.lang.RT.seq[39m
[35m                 core.clj:133 clojure.core/seq[39m
[35m                 core.clj:624 clojure.core/apply[39m
[32m             analyzer.clj:828 cljs.analyzer/eval786[fn][39m
[36m             MultiFn.java:249 clojure.lang.MultiFn.invoke[39m
[32m            analyzer.clj:1624 cljs.analyzer/analyze-seq[39m
[32m            analyzer.clj:1711 cljs.analyzer/analyze[fn][39m
[32m            analyzer.clj:1704 cljs.analyzer/analyze[39m
[32m            analyzer.clj:1626 cljs.analyzer/analyze-seq[39m
[32m            analyzer.clj:1711 cljs.analyzer/analyze[fn][39m
[32m            analyzer.clj:1704 cljs.analyzer/analyze[39m
[32m            analyzer.clj:1699 cljs.analyzer/analyze[39m
[32m             analyzer.clj:702 cljs.analyzer/eval744[fn][39m
[32m             analyzer.clj:701 cljs.analyzer/eval744[fn][39m
[36m             MultiFn.java:249 clojure.lang.MultiFn.invoke[39m
[32m            analyzer.clj:1624 cljs.analyzer/analyze-seq[39m
[32m            analyzer.clj:1711 cljs.analyzer/analyze[fn][39m
[32m            analyzer.clj:1704 cljs.analyzer/analyze[39m
[32m            analyzer.clj:1626 cljs.analyzer/analyze-seq[39m
[32m            analyzer.clj:1711 cljs.analyzer/analyze[fn][39m
[32m            analyzer.clj:1704 cljs.analyzer/analyze[39m
[32m             compiler.clj:948 cljs.compiler/compile-file*[fn][39m
[32m             compiler.clj:906 cljs.compiler/with-core-cljs[39m
[32m             compiler.clj:927 cljs.compiler/compile-file*[39m
[32m            compiler.clj:1034 cljs.compiler/compile-file[39m
[31mCaused by: [39m[31mjava.lang.IllegalArgumentException: [39m[31mfor requires an even number of forms in binding vector[39m
[32m                core.clj:1267 cljs.core/for[39m
[36m                 AFn.java:165 clojure.lang.AFn.applyToHelper[39m
[36m                 AFn.java:144 clojure.lang.AFn.applyTo[39m
[36m            AFunction.java:29 clojure.lang.AFunction$1.doInvoke[39m
[36m              RestFn.java:137 clojure.lang.RestFn.applyTo[39m
[35m                 core.clj:628 clojure.core/apply[39m
[32m            analyzer.clj:1583 cljs.analyzer/macroexpand-1[39m
[0mCompiling "resources/public/js/app.js" from ["src/cljs" "env/dev/cljs"]...
[32mSuccessfully compiled "resources/public/js/app.js" in 0.336 seconds.[0m
notifying browser that file changed:  /js/out/recipes/core.js
[0mCompiling "resources/public/js/app.js" from ["src/cljs" "env/dev/cljs"]...
[32mSuccessfully compiled "resources/public/js/app.js" in 0.322 seconds.[0m
notifying browser that file changed:  /js/out/recipes/core.js
[0mCompiling "resources/public/js/app.js" from ["src/cljs" "env/dev/cljs"]...
WARNING: Use of undeclared Var recipes.core/items at line 68 src/cljs/recipes/core.cljs
[32mSuccessfully compiled "resources/public/js/app.js" in 0.483 seconds.[0m
notifying browser that file changed:  /js/out/recipes/core.js
[0mCompiling "resources/public/js/app.js" from ["src/cljs" "env/dev/cljs"]...
[32mSuccessfully compiled "resources/public/js/app.js" in 0.386 seconds.[0m
notifying browser that file changed:  /js/out/recipes/core.js
[0mCompiling "resources/public/js/app.js" from ["src/cljs" "env/dev/cljs"]...
[32mSuccessfully compiled "resources/public/js/app.js" in 0.276 seconds.[0m
notifying browser that file changed:  /js/out/recipes/core.js
[0mCompiling "resources/public/js/app.js" from ["src/cljs" "env/dev/cljs"]...
[32mSuccessfully compiled "resources/public/js/app.js" in 0.309 seconds.[0m
notifying browser that file changed:  /js/out/recipes/core.js
[0mCompiling "resources/public/js/app.js" from ["src/cljs" "env/dev/cljs"]...
[32mSuccessfully compiled "resources/public/js/app.js" in 0.295 seconds.[0m
notifying browser that file changed:  /js/out/recipes/core.js
[0mCompiling "resources/public/js/app.js" from ["src/cljs" "env/dev/cljs"]...
[32mSuccessfully compiled "resources/public/js/app.js" in 0.324 seconds.[0m
notifying browser that file changed:  /js/out/recipes/core.js
[0mCompiling "resources/public/js/app.js" from ["src/cljs" "env/dev/cljs"]...
[32mSuccessfully compiled "resources/public/js/app.js" in 0.26 seconds.[0m
notifying browser that file changed:  /js/out/recipes/core.js
[0mCompiling "resources/public/js/app.js" from ["src/cljs" "env/dev/cljs"]...
[32mSuccessfully compiled "resources/public/js/app.js" in 0.255 seconds.[0m
notifying browser that file changed:  /js/out/recipes/core.js
[0mCompiling "resources/public/js/app.js" from ["src/cljs" "env/dev/cljs"]...
[32mSuccessfully compiled "resources/public/js/app.js" in 0.267 seconds.[0m
notifying browser that file changed:  /js/out/recipes/core.js
[0mCompiling "resources/public/js/app.js" from ["src/cljs" "env/dev/cljs"]...
[32mSuccessfully compiled "resources/public/js/app.js" in 0.302 seconds.[0m
notifying browser that file changed:  /js/out/recipes/core.js
[0mCompiling "resources/public/js/app.js" from ["src/cljs" "env/dev/cljs"]...
[32mSuccessfully compiled "resources/public/js/app.js" in 0.315 seconds.[0m
notifying browser that file changed:  /js/out/recipes/core.js
[0mCompiling "resources/public/js/app.js" from ["src/cljs" "env/dev/cljs"]...
[32mSuccessfully compiled "resources/public/js/app.js" in 0.308 seconds.[0m
notifying browser that file changed:  /js/out/recipes/core.js
[0mCompiling "resources/public/js/app.js" from ["src/cljs" "env/dev/cljs"]...
[31mCompiling "resources/public/js/app.js" failed.[0m
[31mclojure.lang.ExceptionInfo: [39m[31mfailed compiling file:src/cljs/recipes/core.cljs[39m
[35m               core.clj:4403 clojure.core/ex-info[39m
[32m           compiler.clj:1040 cljs.compiler/compile-file[39m
[32m           compiler.clj:1070 cljs.compiler/compile-root[39m
[32m             closure.clj:353 cljs.closure/compile-dir[39m
[32m             closure.clj:393 cljs.closure/eval11371[fn][39m
[32m             closure.clj:301 cljs.closure/eval11307[fn][39m
[32m             closure.clj:407 cljs.closure/eval11358[fn][39m
[32m             closure.clj:301 cljs.closure/eval11307[fn][39m
[32m                 core.clj:18 clojurescript-build.core.CompilableSourcePaths/fn[39m
[35m               core.clj:2557 clojure.core/map[fn][39m
[36m             LazySeq.java:40 clojure.lang.LazySeq.sval[39m
[36m             LazySeq.java:49 clojure.lang.LazySeq.seq[39m
[36m                 RT.java:484 clojure.lang.RT.seq[39m
[35m                core.clj:133 clojure.core/seq[39m
[35m                core.clj:624 clojure.core/apply[39m
[35m               core.clj:2586 clojure.core/mapcat[39m
[36m             RestFn.java:423 clojure.lang.RestFn.invoke[39m
[32m                 core.clj:18 clojurescript-build.core/clojurescript-build.core.CompilableSourcePaths[39m
[32m            closure.clj:1040 cljs.closure/build[39m
[32m                core.clj:150 clojurescript-build.core/build-source-paths*[39m
[32m                 auto.clj:86 clojurescript-build.auto/warning[fn][39m
[32m                 auto.clj:55 clojurescript-build.auto/time-build[fn][39m
[32m                 auto.clj:64 clojurescript-build.auto/after[fn][39m
[32m                 auto.clj:64 clojurescript-build.auto/after[fn][39m
[32m                 auto.clj:64 clojurescript-build.auto/after[fn][39m
[32m                 auto.clj:71 clojurescript-build.auto/error[fn][39m
[32m                 auto.clj:60 clojurescript-build.auto/before[fn][39m
[32m                auto.clj:103 clojurescript-build.auto/make-conditional-builder[fn][39m
[35m               core.clj:6353 clojure.core/mapv[fn][39m
[36m          ArrayChunk.java:58 clojure.lang.ArrayChunk.reduce[39m
[35m            protocols.clj:98 clojure.core.protocols/fn[39m
[35m            protocols.clj:19 clojure.core.protocols/fn[fn][39m
[35m            protocols.clj:31 clojure.core.protocols/seq-reduce[39m
[35m            protocols.clj:60 clojure.core.protocols/fn[39m
[35m            protocols.clj:13 clojure.core.protocols/fn[fn][39m
[35m               core.clj:6289 clojure.core/reduce[39m
[35m               core.clj:6353 clojure.core/mapv[39m
[32m                auto.clj:180 clojurescript-build.auto/autobuild*[fn][39m
[32m                auto.clj:176 clojurescript-build.auto/autobuild*[fn][39m
[35m          ioc_macros.clj:940 clojure.core.async.impl.ioc-macros/run-state-machine[39m
[35m          ioc_macros.clj:944 clojure.core.async.impl.ioc-macros/run-state-machine-wrapped[39m
[35m               async.clj:362 clojure.core.async/ioc-alts![fn][39m
[35m               async.clj:231 clojure.core.async/do-alts[fn][39m
[35m            channels.clj:262 clojure.core.async.impl.channels.ManyToManyChannel/fn[39m
[36m                 AFn.java:22 clojure.lang.AFn.run[39m
[34mThreadPoolExecutor.java:1142 java.util.concurrent.ThreadPoolExecutor.runWorker[39m
[34m ThreadPoolExecutor.java:617 java.util.concurrent.ThreadPoolExecutor$Worker.run[39m
[34m             Thread.java:745 java.lang.Thread.run[39m
[31mCaused by: [39m[31mclojure.lang.ExceptionInfo: [39m[31mWrong number of args (2) passed to: core/defn at line 81 src/cljs/recipes/core.cljs[39m
[35m               core.clj:4403 clojure.core/ex-info[39m
[32m            analyzer.clj:299 cljs.analyzer/error[39m
[32m           analyzer.clj:1577 cljs.analyzer/macroexpand-1[39m
[32m           analyzer.clj:1620 cljs.analyzer/analyze-seq[39m
[32m           analyzer.clj:1711 cljs.analyzer/analyze[fn][39m
[32m           analyzer.clj:1704 cljs.analyzer/analyze[39m
[32m            compiler.clj:948 cljs.compiler/compile-file*[fn][39m
[32m            compiler.clj:906 cljs.compiler/with-core-cljs[39m
[32m            compiler.clj:927 cljs.compiler/compile-file*[39m
[32m           compiler.clj:1034 cljs.compiler/compile-file[39m
[31mCaused by: [39m[31mclojure.lang.ArityException: [39m[31mWrong number of args (2) passed to: core/defn[39m
[36m                AFn.java:429 clojure.lang.AFn.throwArity[39m
[36m             RestFn.java:427 clojure.lang.RestFn.invoke[39m
[36m                AFn.java:156 clojure.lang.AFn.applyToHelper[39m
[36m             RestFn.java:132 clojure.lang.RestFn.applyTo[39m
[36m           AFunction.java:29 clojure.lang.AFunction$1.doInvoke[39m
[36m             RestFn.java:137 clojure.lang.RestFn.applyTo[39m
[35m                core.clj:628 clojure.core/apply[39m
[32m           analyzer.clj:1583 cljs.analyzer/macroexpand-1[39m
[0mCompiling "resources/public/js/app.js" from ["src/cljs" "env/dev/cljs"]...
[31mCompiling "resources/public/js/app.js" failed.[0m
[31mclojure.lang.ExceptionInfo: [39m[31mfailed compiling file:src/cljs/recipes/core.cljs[39m
[35m               core.clj:4403 clojure.core/ex-info[39m
[32m           compiler.clj:1040 cljs.compiler/compile-file[39m
[32m           compiler.clj:1070 cljs.compiler/compile-root[39m
[32m             closure.clj:353 cljs.closure/compile-dir[39m
[32m             closure.clj:393 cljs.closure/eval11371[fn][39m
[32m             closure.clj:301 cljs.closure/eval11307[fn][39m
[32m             closure.clj:407 cljs.closure/eval11358[fn][39m
[32m             closure.clj:301 cljs.closure/eval11307[fn][39m
[32m                 core.clj:18 clojurescript-build.core.CompilableSourcePaths/fn[39m
[35m               core.clj:2557 clojure.core/map[fn][39m
[36m             LazySeq.java:40 clojure.lang.LazySeq.sval[39m
[36m             LazySeq.java:49 clojure.lang.LazySeq.seq[39m
[36m                 RT.java:484 clojure.lang.RT.seq[39m
[35m                core.clj:133 clojure.core/seq[39m
[35m                core.clj:624 clojure.core/apply[39m
[35m               core.clj:2586 clojure.core/mapcat[39m
[36m             RestFn.java:423 clojure.lang.RestFn.invoke[39m
[32m                 core.clj:18 clojurescript-build.core/clojurescript-build.core.CompilableSourcePaths[39m
[32m            closure.clj:1040 cljs.closure/build[39m
[32m                core.clj:150 clojurescript-build.core/build-source-paths*[39m
[32m                 auto.clj:86 clojurescript-build.auto/warning[fn][39m
[32m                 auto.clj:55 clojurescript-build.auto/time-build[fn][39m
[32m                 auto.clj:64 clojurescript-build.auto/after[fn][39m
[32m                 auto.clj:64 clojurescript-build.auto/after[fn][39m
[32m                 auto.clj:64 clojurescript-build.auto/after[fn][39m
[32m                 auto.clj:71 clojurescript-build.auto/error[fn][39m
[32m                 auto.clj:60 clojurescript-build.auto/before[fn][39m
[32m                auto.clj:103 clojurescript-build.auto/make-conditional-builder[fn][39m
[35m               core.clj:6353 clojure.core/mapv[fn][39m
[36m          ArrayChunk.java:58 clojure.lang.ArrayChunk.reduce[39m
[35m            protocols.clj:98 clojure.core.protocols/fn[39m
[35m            protocols.clj:19 clojure.core.protocols/fn[fn][39m
[35m            protocols.clj:31 clojure.core.protocols/seq-reduce[39m
[35m            protocols.clj:60 clojure.core.protocols/fn[39m
[35m            protocols.clj:13 clojure.core.protocols/fn[fn][39m
[35m               core.clj:6289 clojure.core/reduce[39m
[35m               core.clj:6353 clojure.core/mapv[39m
[32m                auto.clj:180 clojurescript-build.auto/autobuild*[fn][39m
[32m                auto.clj:176 clojurescript-build.auto/autobuild*[fn][39m
[35m          ioc_macros.clj:940 clojure.core.async.impl.ioc-macros/run-state-machine[39m
[35m          ioc_macros.clj:944 clojure.core.async.impl.ioc-macros/run-state-machine-wrapped[39m
[35m               async.clj:362 clojure.core.async/ioc-alts![fn][39m
[35m               async.clj:231 clojure.core.async/do-alts[fn][39m
[35m            channels.clj:262 clojure.core.async.impl.channels.ManyToManyChannel/fn[39m
[36m                 AFn.java:22 clojure.lang.AFn.run[39m
[34mThreadPoolExecutor.java:1142 java.util.concurrent.ThreadPoolExecutor.runWorker[39m
[34m ThreadPoolExecutor.java:617 java.util.concurrent.ThreadPoolExecutor$Worker.run[39m
[34m             Thread.java:745 java.lang.Thread.run[39m
[31mCaused by: [39m[31mclojure.lang.ExceptionInfo: [39m[31mWrong number of args (2) passed to: core/defn at line 81 src/cljs/recipes/core.cljs[39m
[35m               core.clj:4403 clojure.core/ex-info[39m
[32m            analyzer.clj:299 cljs.analyzer/error[39m
[32m           analyzer.clj:1577 cljs.analyzer/macroexpand-1[39m
[32m           analyzer.clj:1620 cljs.analyzer/analyze-seq[39m
[32m           analyzer.clj:1711 cljs.analyzer/analyze[fn][39m
[32m           analyzer.clj:1704 cljs.analyzer/analyze[39m
[32m            compiler.clj:948 cljs.compiler/compile-file*[fn][39m
[32m            compiler.clj:906 cljs.compiler/with-core-cljs[39m
[32m            compiler.clj:927 cljs.compiler/compile-file*[39m
[32m           compiler.clj:1034 cljs.compiler/compile-file[39m
[31mCaused by: [39m[31mclojure.lang.ArityException: [39m[31mWrong number of args (2) passed to: core/defn[39m
[36m                AFn.java:429 clojure.lang.AFn.throwArity[39m
[36m             RestFn.java:427 clojure.lang.RestFn.invoke[39m
[36m                AFn.java:156 clojure.lang.AFn.applyToHelper[39m
[36m             RestFn.java:132 clojure.lang.RestFn.applyTo[39m
[36m           AFunction.java:29 clojure.lang.AFunction$1.doInvoke[39m
[36m             RestFn.java:137 clojure.lang.RestFn.applyTo[39m
[35m                core.clj:628 clojure.core/apply[39m
[32m           analyzer.clj:1583 cljs.analyzer/macroexpand-1[39m
[0mCompiling "resources/public/js/app.js" from ["src/cljs" "env/dev/cljs"]...
WARNING: Use of undeclared Var recipes.core/items at line 95 src/cljs/recipes/core.cljs
[32mSuccessfully compiled "resources/public/js/app.js" in 0.312 seconds.[0m
notifying browser that file changed:  /js/out/recipes/core.js
[0mCompiling "resources/public/js/app.js" from ["src/cljs" "env/dev/cljs"]...
WARNING: Use of undeclared Var recipes.core/items at line 95 src/cljs/recipes/core.cljs
[32mSuccessfully compiled "resources/public/js/app.js" in 0.275 seconds.[0m
notifying browser that file changed:  /js/out/recipes/core.js
[0mCompiling "resources/public/js/app.js" from ["src/cljs" "env/dev/cljs"]...
WARNING: Use of undeclared Var recipes.core/items at line 95 src/cljs/recipes/core.cljs
[32mSuccessfully compiled "resources/public/js/app.js" in 0.271 seconds.[0m
notifying browser that file changed:  /js/out/recipes/core.js
[0mCompiling "resources/public/js/app.js" from ["src/cljs" "env/dev/cljs"]...
[31mCompiling "resources/public/js/app.js" failed.[0m
[31mclojure.lang.ExceptionInfo: [39m[31mfailed compiling file:src/cljs/recipes/core.cljs[39m
[35m               core.clj:4403 clojure.core/ex-info[39m
[32m           compiler.clj:1040 cljs.compiler/compile-file[39m
[32m           compiler.clj:1070 cljs.compiler/compile-root[39m
[32m             closure.clj:353 cljs.closure/compile-dir[39m
[32m             closure.clj:393 cljs.closure/eval11371[fn][39m
[32m             closure.clj:301 cljs.closure/eval11307[fn][39m
[32m             closure.clj:407 cljs.closure/eval11358[fn][39m
[32m             closure.clj:301 cljs.closure/eval11307[fn][39m
[32m                 core.clj:18 clojurescript-build.core.CompilableSourcePaths/fn[39m
[35m               core.clj:2557 clojure.core/map[fn][39m
[36m             LazySeq.java:40 clojure.lang.LazySeq.sval[39m
[36m             LazySeq.java:49 clojure.lang.LazySeq.seq[39m
[36m                 RT.java:484 clojure.lang.RT.seq[39m
[35m                core.clj:133 clojure.core/seq[39m
[35m                core.clj:624 clojure.core/apply[39m
[35m               core.clj:2586 clojure.core/mapcat[39m
[36m             RestFn.java:423 clojure.lang.RestFn.invoke[39m
[32m                 core.clj:18 clojurescript-build.core/clojurescript-build.core.CompilableSourcePaths[39m
[32m            closure.clj:1040 cljs.closure/build[39m
[32m                core.clj:150 clojurescript-build.core/build-source-paths*[39m
[32m                 auto.clj:86 clojurescript-build.auto/warning[fn][39m
[32m                 auto.clj:55 clojurescript-build.auto/time-build[fn][39m
[32m                 auto.clj:64 clojurescript-build.auto/after[fn][39m
[32m                 auto.clj:64 clojurescript-build.auto/after[fn][39m
[32m                 auto.clj:64 clojurescript-build.auto/after[fn][39m
[32m                 auto.clj:71 clojurescript-build.auto/error[fn][39m
[32m                 auto.clj:60 clojurescript-build.auto/before[fn][39m
[32m                auto.clj:103 clojurescript-build.auto/make-conditional-builder[fn][39m
[35m               core.clj:6353 clojure.core/mapv[fn][39m
[36m          ArrayChunk.java:58 clojure.lang.ArrayChunk.reduce[39m
[35m            protocols.clj:98 clojure.core.protocols/fn[39m
[35m            protocols.clj:19 clojure.core.protocols/fn[fn][39m
[35m            protocols.clj:31 clojure.core.protocols/seq-reduce[39m
[35m            protocols.clj:60 clojure.core.protocols/fn[39m
[35m            protocols.clj:13 clojure.core.protocols/fn[fn][39m
[35m               core.clj:6289 clojure.core/reduce[39m
[35m               core.clj:6353 clojure.core/mapv[39m
[32m                auto.clj:180 clojurescript-build.auto/autobuild*[fn][39m
[32m                auto.clj:176 clojurescript-build.auto/autobuild*[fn][39m
[35m          ioc_macros.clj:940 clojure.core.async.impl.ioc-macros/run-state-machine[39m
[35m          ioc_macros.clj:944 clojure.core.async.impl.ioc-macros/run-state-machine-wrapped[39m
[35m               async.clj:362 clojure.core.async/ioc-alts![fn][39m
[35m               async.clj:231 clojure.core.async/do-alts[fn][39m
[35m            channels.clj:262 clojure.core.async.impl.channels.ManyToManyChannel/fn[39m
[36m                 AFn.java:22 clojure.lang.AFn.run[39m
[34mThreadPoolExecutor.java:1142 java.util.concurrent.ThreadPoolExecutor.runWorker[39m
[34m ThreadPoolExecutor.java:617 java.util.concurrent.ThreadPoolExecutor$Worker.run[39m
[34m             Thread.java:745 java.lang.Thread.run[39m
[31mCaused by: [39m[31mclojure.lang.ExceptionInfo: [39m[31mUnmatched delimiter ][39m
[35m               core.clj:4403 clojure.core/ex-info[39m
[35m        reader_types.clj:337 clojure.tools.reader.reader-types/reader-error[39m
[36m             RestFn.java:439 clojure.lang.RestFn.invoke[39m
[35m               reader.clj:65 clojure.tools.reader/read-unmatched-delimiter[39m
[35m              reader.clj:158 clojure.tools.reader/read-delimited[39m
[35m              reader.clj:170 clojure.tools.reader/read-list[39m
[35m              reader.clj:158 clojure.tools.reader/read-delimited[39m
[35m              reader.clj:170 clojure.tools.reader/read-list[39m
[35m              reader.clj:745 clojure.tools.reader/read[39m
[35m              reader.clj:730 clojure.tools.reader/read[39m
[32m           analyzer.clj:1757 cljs.analyzer/forms-seq[fn][39m
[32m           analyzer.clj:1751 cljs.analyzer/forms-seq[fn][39m
[36m             LazySeq.java:40 clojure.lang.LazySeq.sval[39m
[36m             LazySeq.java:49 clojure.lang.LazySeq.seq[39m
[36m                 RT.java:484 clojure.lang.RT.seq[39m
[35m                core.clj:133 clojure.core/seq[39m
[32m            compiler.clj:946 cljs.compiler/compile-file*[fn][39m
[32m            compiler.clj:906 cljs.compiler/with-core-cljs[39m
[32m            compiler.clj:927 cljs.compiler/compile-file*[39m
[32m           compiler.clj:1034 cljs.compiler/compile-file[39m
[0mCompiling "resources/public/js/app.js" from ["src/cljs" "env/dev/cljs"]...
[31mCompiling "resources/public/js/app.js" failed.[0m
[31mclojure.lang.ExceptionInfo: [39m[31mfailed compiling file:src/cljs/recipes/core.cljs[39m
[35m               core.clj:4403 clojure.core/ex-info[39m
[32m           compiler.clj:1040 cljs.compiler/compile-file[39m
[32m           compiler.clj:1070 cljs.compiler/compile-root[39m
[32m             closure.clj:353 cljs.closure/compile-dir[39m
[32m             closure.clj:393 cljs.closure/eval11371[fn][39m
[32m             closure.clj:301 cljs.closure/eval11307[fn][39m
[32m             closure.clj:407 cljs.closure/eval11358[fn][39m
[32m             closure.clj:301 cljs.closure/eval11307[fn][39m
[32m                 core.clj:18 clojurescript-build.core.CompilableSourcePaths/fn[39m
[35m               core.clj:2557 clojure.core/map[fn][39m
[36m             LazySeq.java:40 clojure.lang.LazySeq.sval[39m
[36m             LazySeq.java:49 clojure.lang.LazySeq.seq[39m
[36m                 RT.java:484 clojure.lang.RT.seq[39m
[35m                core.clj:133 clojure.core/seq[39m
[35m                core.clj:624 clojure.core/apply[39m
[35m               core.clj:2586 clojure.core/mapcat[39m
[36m             RestFn.java:423 clojure.lang.RestFn.invoke[39m
[32m                 core.clj:18 clojurescript-build.core/clojurescript-build.core.CompilableSourcePaths[39m
[32m            closure.clj:1040 cljs.closure/build[39m
[32m                core.clj:150 clojurescript-build.core/build-source-paths*[39m
[32m                 auto.clj:86 clojurescript-build.auto/warning[fn][39m
[32m                 auto.clj:55 clojurescript-build.auto/time-build[fn][39m
[32m                 auto.clj:64 clojurescript-build.auto/after[fn][39m
[32m                 auto.clj:64 clojurescript-build.auto/after[fn][39m
[32m                 auto.clj:64 clojurescript-build.auto/after[fn][39m
[32m                 auto.clj:71 clojurescript-build.auto/error[fn][39m
[32m                 auto.clj:60 clojurescript-build.auto/before[fn][39m
[32m                auto.clj:103 clojurescript-build.auto/make-conditional-builder[fn][39m
[35m               core.clj:6353 clojure.core/mapv[fn][39m
[36m          ArrayChunk.java:58 clojure.lang.ArrayChunk.reduce[39m
[35m            protocols.clj:98 clojure.core.protocols/fn[39m
[35m            protocols.clj:19 clojure.core.protocols/fn[fn][39m
[35m            protocols.clj:31 clojure.core.protocols/seq-reduce[39m
[35m            protocols.clj:60 clojure.core.protocols/fn[39m
[35m            protocols.clj:13 clojure.core.protocols/fn[fn][39m
[35m               core.clj:6289 clojure.core/reduce[39m
[35m               core.clj:6353 clojure.core/mapv[39m
[32m                auto.clj:180 clojurescript-build.auto/autobuild*[fn][39m
[32m                auto.clj:176 clojurescript-build.auto/autobuild*[fn][39m
[35m          ioc_macros.clj:940 clojure.core.async.impl.ioc-macros/run-state-machine[39m
[35m          ioc_macros.clj:944 clojure.core.async.impl.ioc-macros/run-state-machine-wrapped[39m
[35m               async.clj:362 clojure.core.async/ioc-alts![fn][39m
[35m               async.clj:231 clojure.core.async/do-alts[fn][39m
[35m            channels.clj:262 clojure.core.async.impl.channels.ManyToManyChannel/fn[39m
[36m                 AFn.java:22 clojure.lang.AFn.run[39m
[34mThreadPoolExecutor.java:1142 java.util.concurrent.ThreadPoolExecutor.runWorker[39m
[34m ThreadPoolExecutor.java:617 java.util.concurrent.ThreadPoolExecutor$Worker.run[39m
[34m             Thread.java:745 java.lang.Thread.run[39m
[31mCaused by: [39m[31mclojure.lang.ExceptionInfo: [39m[31mUnmatched delimiter )[39m
[35m               core.clj:4403 clojure.core/ex-info[39m
[35m        reader_types.clj:337 clojure.tools.reader.reader-types/reader-error[39m
[36m             RestFn.java:439 clojure.lang.RestFn.invoke[39m
[35m               reader.clj:65 clojure.tools.reader/read-unmatched-delimiter[39m
[35m              reader.clj:158 clojure.tools.reader/read-delimited[39m
[35m              reader.clj:189 clojure.tools.reader/read-vector[39m
[35m              reader.clj:158 clojure.tools.reader/read-delimited[39m
[35m              reader.clj:170 clojure.tools.reader/read-list[39m
[35m              reader.clj:745 clojure.tools.reader/read[39m
[35m              reader.clj:730 clojure.tools.reader/read[39m
[32m           analyzer.clj:1757 cljs.analyzer/forms-seq[fn][39m
[32m           analyzer.clj:1751 cljs.analyzer/forms-seq[fn][39m
[36m             LazySeq.java:40 clojure.lang.LazySeq.sval[39m
[36m             LazySeq.java:49 clojure.lang.LazySeq.seq[39m
[36m                 RT.java:484 clojure.lang.RT.seq[39m
[35m                core.clj:133 clojure.core/seq[39m
[32m            compiler.clj:946 cljs.compiler/compile-file*[fn][39m
[32m            compiler.clj:906 cljs.compiler/with-core-cljs[39m
[32m            compiler.clj:927 cljs.compiler/compile-file*[39m
[32m           compiler.clj:1034 cljs.compiler/compile-file[39m
[0mCompiling "resources/public/js/app.js" from ["src/cljs" "env/dev/cljs"]...
[31mCompiling "resources/public/js/app.js" failed.[0m
[31mclojure.lang.ExceptionInfo: [39m[31mfailed compiling file:src/cljs/recipes/core.cljs[39m
[35m               core.clj:4403 clojure.core/ex-info[39m
[32m           compiler.clj:1040 cljs.compiler/compile-file[39m
[32m           compiler.clj:1070 cljs.compiler/compile-root[39m
[32m             closure.clj:353 cljs.closure/compile-dir[39m
[32m             closure.clj:393 cljs.closure/eval11371[fn][39m
[32m             closure.clj:301 cljs.closure/eval11307[fn][39m
[32m             closure.clj:407 cljs.closure/eval11358[fn][39m
[32m             closure.clj:301 cljs.closure/eval11307[fn][39m
[32m                 core.clj:18 clojurescript-build.core.CompilableSourcePaths/fn[39m
[35m               core.clj:2557 clojure.core/map[fn][39m
[36m             LazySeq.java:40 clojure.lang.LazySeq.sval[39m
[36m             LazySeq.java:49 clojure.lang.LazySeq.seq[39m
[36m                 RT.java:484 clojure.lang.RT.seq[39m
[35m                core.clj:133 clojure.core/seq[39m
[35m                core.clj:624 clojure.core/apply[39m
[35m               core.clj:2586 clojure.core/mapcat[39m
[36m             RestFn.java:423 clojure.lang.RestFn.invoke[39m
[32m                 core.clj:18 clojurescript-build.core/clojurescript-build.core.CompilableSourcePaths[39m
[32m            closure.clj:1040 cljs.closure/build[39m
[32m                core.clj:150 clojurescript-build.core/build-source-paths*[39m
[32m                 auto.clj:86 clojurescript-build.auto/warning[fn][39m
[32m                 auto.clj:55 clojurescript-build.auto/time-build[fn][39m
[32m                 auto.clj:64 clojurescript-build.auto/after[fn][39m
[32m                 auto.clj:64 clojurescript-build.auto/after[fn][39m
[32m                 auto.clj:64 clojurescript-build.auto/after[fn][39m
[32m                 auto.clj:71 clojurescript-build.auto/error[fn][39m
[32m                 auto.clj:60 clojurescript-build.auto/before[fn][39m
[32m                auto.clj:103 clojurescript-build.auto/make-conditional-builder[fn][39m
[35m               core.clj:6353 clojure.core/mapv[fn][39m
[36m          ArrayChunk.java:58 clojure.lang.ArrayChunk.reduce[39m
[35m            protocols.clj:98 clojure.core.protocols/fn[39m
[35m            protocols.clj:19 clojure.core.protocols/fn[fn][39m
[35m            protocols.clj:31 clojure.core.protocols/seq-reduce[39m
[35m            protocols.clj:60 clojure.core.protocols/fn[39m
[35m            protocols.clj:13 clojure.core.protocols/fn[fn][39m
[35m               core.clj:6289 clojure.core/reduce[39m
[35m               core.clj:6353 clojure.core/mapv[39m
[32m                auto.clj:180 clojurescript-build.auto/autobuild*[fn][39m
[32m                auto.clj:176 clojurescript-build.auto/autobuild*[fn][39m
[35m          ioc_macros.clj:940 clojure.core.async.impl.ioc-macros/run-state-machine[39m
[35m          ioc_macros.clj:944 clojure.core.async.impl.ioc-macros/run-state-machine-wrapped[39m
[35m               async.clj:362 clojure.core.async/ioc-alts![fn][39m
[35m               async.clj:231 clojure.core.async/do-alts[fn][39m
[35m            channels.clj:262 clojure.core.async.impl.channels.ManyToManyChannel/fn[39m
[36m                 AFn.java:22 clojure.lang.AFn.run[39m
[34mThreadPoolExecutor.java:1142 java.util.concurrent.ThreadPoolExecutor.runWorker[39m
[34m ThreadPoolExecutor.java:617 java.util.concurrent.ThreadPoolExecutor$Worker.run[39m
[34m             Thread.java:745 java.lang.Thread.run[39m
[31mCaused by: [39m[31mclojure.lang.ExceptionInfo: [39m[31mUnmatched delimiter )[39m
[35m               core.clj:4403 clojure.core/ex-info[39m
[35m        reader_types.clj:337 clojure.tools.reader.reader-types/reader-error[39m
[36m             RestFn.java:439 clojure.lang.RestFn.invoke[39m
[35m               reader.clj:65 clojure.tools.reader/read-unmatched-delimiter[39m
[35m              reader.clj:158 clojure.tools.reader/read-delimited[39m
[35m              reader.clj:189 clojure.tools.reader/read-vector[39m
[35m              reader.clj:158 clojure.tools.reader/read-delimited[39m
[35m              reader.clj:170 clojure.tools.reader/read-list[39m
[35m              reader.clj:745 clojure.tools.reader/read[39m
[35m              reader.clj:730 clojure.tools.reader/read[39m
[32m           analyzer.clj:1757 cljs.analyzer/forms-seq[fn][39m
[32m           analyzer.clj:1751 cljs.analyzer/forms-seq[fn][39m
[36m             LazySeq.java:40 clojure.lang.LazySeq.sval[39m
[36m             LazySeq.java:49 clojure.lang.LazySeq.seq[39m
[36m                 RT.java:484 clojure.lang.RT.seq[39m
[35m                core.clj:133 clojure.core/seq[39m
[32m            compiler.clj:946 cljs.compiler/compile-file*[fn][39m
[32m            compiler.clj:906 cljs.compiler/with-core-cljs[39m
[32m            compiler.clj:927 cljs.compiler/compile-file*[39m
[32m           compiler.clj:1034 cljs.compiler/compile-file[39m
[0mCompiling "resources/public/js/app.js" from ["src/cljs" "env/dev/cljs"]...
[31mCompiling "resources/public/js/app.js" failed.[0m
[31mclojure.lang.ExceptionInfo: [39m[31mfailed compiling file:src/cljs/recipes/core.cljs[39m
[35m               core.clj:4403 clojure.core/ex-info[39m
[32m           compiler.clj:1040 cljs.compiler/compile-file[39m
[32m           compiler.clj:1070 cljs.compiler/compile-root[39m
[32m             closure.clj:353 cljs.closure/compile-dir[39m
[32m             closure.clj:393 cljs.closure/eval11371[fn][39m
[32m             closure.clj:301 cljs.closure/eval11307[fn][39m
[32m             closure.clj:407 cljs.closure/eval11358[fn][39m
[32m             closure.clj:301 cljs.closure/eval11307[fn][39m
[32m                 core.clj:18 clojurescript-build.core.CompilableSourcePaths/fn[39m
[35m               core.clj:2557 clojure.core/map[fn][39m
[36m             LazySeq.java:40 clojure.lang.LazySeq.sval[39m
[36m             LazySeq.java:49 clojure.lang.LazySeq.seq[39m
[36m                 RT.java:484 clojure.lang.RT.seq[39m
[35m                core.clj:133 clojure.core/seq[39m
[35m                core.clj:624 clojure.core/apply[39m
[35m               core.clj:2586 clojure.core/mapcat[39m
[36m             RestFn.java:423 clojure.lang.RestFn.invoke[39m
[32m                 core.clj:18 clojurescript-build.core/clojurescript-build.core.CompilableSourcePaths[39m
[32m            closure.clj:1040 cljs.closure/build[39m
[32m                core.clj:150 clojurescript-build.core/build-source-paths*[39m
[32m                 auto.clj:86 clojurescript-build.auto/warning[fn][39m
[32m                 auto.clj:55 clojurescript-build.auto/time-build[fn][39m
[32m                 auto.clj:64 clojurescript-build.auto/after[fn][39m
[32m                 auto.clj:64 clojurescript-build.auto/after[fn][39m
[32m                 auto.clj:64 clojurescript-build.auto/after[fn][39m
[32m                 auto.clj:71 clojurescript-build.auto/error[fn][39m
[32m                 auto.clj:60 clojurescript-build.auto/before[fn][39m
[32m                auto.clj:103 clojurescript-build.auto/make-conditional-builder[fn][39m
[35m               core.clj:6353 clojure.core/mapv[fn][39m
[36m          ArrayChunk.java:58 clojure.lang.ArrayChunk.reduce[39m
[35m            protocols.clj:98 clojure.core.protocols/fn[39m
[35m            protocols.clj:19 clojure.core.protocols/fn[fn][39m
[35m            protocols.clj:31 clojure.core.protocols/seq-reduce[39m
[35m            protocols.clj:60 clojure.core.protocols/fn[39m
[35m            protocols.clj:13 clojure.core.protocols/fn[fn][39m
[35m               core.clj:6289 clojure.core/reduce[39m
[35m               core.clj:6353 clojure.core/mapv[39m
[32m                auto.clj:180 clojurescript-build.auto/autobuild*[fn][39m
[32m                auto.clj:176 clojurescript-build.auto/autobuild*[fn][39m
[35m          ioc_macros.clj:940 clojure.core.async.impl.ioc-macros/run-state-machine[39m
[35m          ioc_macros.clj:944 clojure.core.async.impl.ioc-macros/run-state-machine-wrapped[39m
[35m               async.clj:362 clojure.core.async/ioc-alts![fn][39m
[35m               async.clj:231 clojure.core.async/do-alts[fn][39m
[35m            channels.clj:262 clojure.core.async.impl.channels.ManyToManyChannel/fn[39m
[36m                 AFn.java:22 clojure.lang.AFn.run[39m
[34mThreadPoolExecutor.java:1142 java.util.concurrent.ThreadPoolExecutor.runWorker[39m
[34m ThreadPoolExecutor.java:617 java.util.concurrent.ThreadPoolExecutor$Worker.run[39m
[34m             Thread.java:745 java.lang.Thread.run[39m
[31mCaused by: [39m[31mclojure.lang.ExceptionInfo: [39m[31mUnmatched delimiter )[39m
[35m               core.clj:4403 clojure.core/ex-info[39m
[35m        reader_types.clj:337 clojure.tools.reader.reader-types/reader-error[39m
[36m             RestFn.java:439 clojure.lang.RestFn.invoke[39m
[35m               reader.clj:65 clojure.tools.reader/read-unmatched-delimiter[39m
[35m              reader.clj:158 clojure.tools.reader/read-delimited[39m
[35m              reader.clj:189 clojure.tools.reader/read-vector[39m
[35m              reader.clj:158 clojure.tools.reader/read-delimited[39m
[35m              reader.clj:189 clojure.tools.reader/read-vector[39m
[35m              reader.clj:158 clojure.tools.reader/read-delimited[39m
[35m              reader.clj:170 clojure.tools.reader/read-list[39m
[35m              reader.clj:745 clojure.tools.reader/read[39m
[35m              reader.clj:730 clojure.tools.reader/read[39m
[32m           analyzer.clj:1757 cljs.analyzer/forms-seq[fn][39m
[32m           analyzer.clj:1751 cljs.analyzer/forms-seq[fn][39m
[36m             LazySeq.java:40 clojure.lang.LazySeq.sval[39m
[36m             LazySeq.java:49 clojure.lang.LazySeq.seq[39m
[36m                 RT.java:484 clojure.lang.RT.seq[39m
[35m                core.clj:133 clojure.core/seq[39m
[32m            compiler.clj:946 cljs.compiler/compile-file*[fn][39m
[32m            compiler.clj:906 cljs.compiler/with-core-cljs[39m
[32m            compiler.clj:927 cljs.compiler/compile-file*[39m
[32m           compiler.clj:1034 cljs.compiler/compile-file[39m
[0mCompiling "resources/public/js/app.js" from ["src/cljs" "env/dev/cljs"]...
[31mCompiling "resources/public/js/app.js" failed.[0m
[31mclojure.lang.ExceptionInfo: [39m[31mfailed compiling file:src/cljs/recipes/core.cljs[39m
[35m               core.clj:4403 clojure.core/ex-info[39m
[32m           compiler.clj:1040 cljs.compiler/compile-file[39m
[32m           compiler.clj:1070 cljs.compiler/compile-root[39m
[32m             closure.clj:353 cljs.closure/compile-dir[39m
[32m             closure.clj:393 cljs.closure/eval11371[fn][39m
[32m             closure.clj:301 cljs.closure/eval11307[fn][39m
[32m             closure.clj:407 cljs.closure/eval11358[fn][39m
[32m             closure.clj:301 cljs.closure/eval11307[fn][39m
[32m                 core.clj:18 clojurescript-build.core.CompilableSourcePaths/fn[39m
[35m               core.clj:2557 clojure.core/map[fn][39m
[36m             LazySeq.java:40 clojure.lang.LazySeq.sval[39m
[36m             LazySeq.java:49 clojure.lang.LazySeq.seq[39m
[36m                 RT.java:484 clojure.lang.RT.seq[39m
[35m                core.clj:133 clojure.core/seq[39m
[35m                core.clj:624 clojure.core/apply[39m
[35m               core.clj:2586 clojure.core/mapcat[39m
[36m             RestFn.java:423 clojure.lang.RestFn.invoke[39m
[32m                 core.clj:18 clojurescript-build.core/clojurescript-build.core.CompilableSourcePaths[39m
[32m            closure.clj:1040 cljs.closure/build[39m
[32m                core.clj:150 clojurescript-build.core/build-source-paths*[39m
[32m                 auto.clj:86 clojurescript-build.auto/warning[fn][39m
[32m                 auto.clj:55 clojurescript-build.auto/time-build[fn][39m
[32m                 auto.clj:64 clojurescript-build.auto/after[fn][39m
[32m                 auto.clj:64 clojurescript-build.auto/after[fn][39m
[32m                 auto.clj:64 clojurescript-build.auto/after[fn][39m
[32m                 auto.clj:71 clojurescript-build.auto/error[fn][39m
[32m                 auto.clj:60 clojurescript-build.auto/before[fn][39m
[32m                auto.clj:103 clojurescript-build.auto/make-conditional-builder[fn][39m
[35m               core.clj:6353 clojure.core/mapv[fn][39m
[36m          ArrayChunk.java:58 clojure.lang.ArrayChunk.reduce[39m
[35m            protocols.clj:98 clojure.core.protocols/fn[39m
[35m            protocols.clj:19 clojure.core.protocols/fn[fn][39m
[35m            protocols.clj:31 clojure.core.protocols/seq-reduce[39m
[35m            protocols.clj:60 clojure.core.protocols/fn[39m
[35m            protocols.clj:13 clojure.core.protocols/fn[fn][39m
[35m               core.clj:6289 clojure.core/reduce[39m
[35m               core.clj:6353 clojure.core/mapv[39m
[32m                auto.clj:180 clojurescript-build.auto/autobuild*[fn][39m
[32m                auto.clj:176 clojurescript-build.auto/autobuild*[fn][39m
[35m          ioc_macros.clj:940 clojure.core.async.impl.ioc-macros/run-state-machine[39m
[35m          ioc_macros.clj:944 clojure.core.async.impl.ioc-macros/run-state-machine-wrapped[39m
[35m               async.clj:362 clojure.core.async/ioc-alts![fn][39m
[35m               async.clj:231 clojure.core.async/do-alts[fn][39m
[35m            channels.clj:262 clojure.core.async.impl.channels.ManyToManyChannel/fn[39m
[36m                 AFn.java:22 clojure.lang.AFn.run[39m
[34mThreadPoolExecutor.java:1142 java.util.concurrent.ThreadPoolExecutor.runWorker[39m
[34m ThreadPoolExecutor.java:617 java.util.concurrent.ThreadPoolExecutor$Worker.run[39m
[34m             Thread.java:745 java.lang.Thread.run[39m
[31mCaused by: [39m[31mclojure.lang.ExceptionInfo: [39m[31mUnmatched delimiter )[39m
[35m               core.clj:4403 clojure.core/ex-info[39m
[35m        reader_types.clj:337 clojure.tools.reader.reader-types/reader-error[39m
[36m             RestFn.java:439 clojure.lang.RestFn.invoke[39m
[35m               reader.clj:65 clojure.tools.reader/read-unmatched-delimiter[39m
[35m              reader.clj:158 clojure.tools.reader/read-delimited[39m
[35m              reader.clj:189 clojure.tools.reader/read-vector[39m
[35m              reader.clj:158 clojure.tools.reader/read-delimited[39m
[35m              reader.clj:189 clojure.tools.reader/read-vector[39m
[35m              reader.clj:158 clojure.tools.reader/read-delimited[39m
[35m              reader.clj:170 clojure.tools.reader/read-list[39m
[35m              reader.clj:745 clojure.tools.reader/read[39m
[35m              reader.clj:730 clojure.tools.reader/read[39m
[32m           analyzer.clj:1757 cljs.analyzer/forms-seq[fn][39m
[32m           analyzer.clj:1751 cljs.analyzer/forms-seq[fn][39m
[36m             LazySeq.java:40 clojure.lang.LazySeq.sval[39m
[36m             LazySeq.java:49 clojure.lang.LazySeq.seq[39m
[36m                 RT.java:484 clojure.lang.RT.seq[39m
[35m                core.clj:133 clojure.core/seq[39m
[32m            compiler.clj:946 cljs.compiler/compile-file*[fn][39m
[32m            compiler.clj:906 cljs.compiler/with-core-cljs[39m
[32m            compiler.clj:927 cljs.compiler/compile-file*[39m
[32m           compiler.clj:1034 cljs.compiler/compile-file[39m
[0mCompiling "resources/public/js/app.js" from ["src/cljs" "env/dev/cljs"]...
[31mCompiling "resources/public/js/app.js" failed.[0m
[31mclojure.lang.ExceptionInfo: [39m[31mfailed compiling file:src/cljs/recipes/core.cljs[39m
[35m               core.clj:4403 clojure.core/ex-info[39m
[32m           compiler.clj:1040 cljs.compiler/compile-file[39m
[32m           compiler.clj:1070 cljs.compiler/compile-root[39m
[32m             closure.clj:353 cljs.closure/compile-dir[39m
[32m             closure.clj:393 cljs.closure/eval11371[fn][39m
[32m             closure.clj:301 cljs.closure/eval11307[fn][39m
[32m             closure.clj:407 cljs.closure/eval11358[fn][39m
[32m             closure.clj:301 cljs.closure/eval11307[fn][39m
[32m                 core.clj:18 clojurescript-build.core.CompilableSourcePaths/fn[39m
[35m               core.clj:2557 clojure.core/map[fn][39m
[36m             LazySeq.java:40 clojure.lang.LazySeq.sval[39m
[36m             LazySeq.java:49 clojure.lang.LazySeq.seq[39m
[36m                 RT.java:484 clojure.lang.RT.seq[39m
[35m                core.clj:133 clojure.core/seq[39m
[35m                core.clj:624 clojure.core/apply[39m
[35m               core.clj:2586 clojure.core/mapcat[39m
[36m             RestFn.java:423 clojure.lang.RestFn.invoke[39m
[32m                 core.clj:18 clojurescript-build.core/clojurescript-build.core.CompilableSourcePaths[39m
[32m            closure.clj:1040 cljs.closure/build[39m
[32m                core.clj:150 clojurescript-build.core/build-source-paths*[39m
[32m                 auto.clj:86 clojurescript-build.auto/warning[fn][39m
[32m                 auto.clj:55 clojurescript-build.auto/time-build[fn][39m
[32m                 auto.clj:64 clojurescript-build.auto/after[fn][39m
[32m                 auto.clj:64 clojurescript-build.auto/after[fn][39m
[32m                 auto.clj:64 clojurescript-build.auto/after[fn][39m
[32m                 auto.clj:71 clojurescript-build.auto/error[fn][39m
[32m                 auto.clj:60 clojurescript-build.auto/before[fn][39m
[32m                auto.clj:103 clojurescript-build.auto/make-conditional-builder[fn][39m
[35m               core.clj:6353 clojure.core/mapv[fn][39m
[36m          ArrayChunk.java:58 clojure.lang.ArrayChunk.reduce[39m
[35m            protocols.clj:98 clojure.core.protocols/fn[39m
[35m            protocols.clj:19 clojure.core.protocols/fn[fn][39m
[35m            protocols.clj:31 clojure.core.protocols/seq-reduce[39m
[35m            protocols.clj:60 clojure.core.protocols/fn[39m
[35m            protocols.clj:13 clojure.core.protocols/fn[fn][39m
[35m               core.clj:6289 clojure.core/reduce[39m
[35m               core.clj:6353 clojure.core/mapv[39m
[32m                auto.clj:180 clojurescript-build.auto/autobuild*[fn][39m
[32m                auto.clj:176 clojurescript-build.auto/autobuild*[fn][39m
[35m          ioc_macros.clj:940 clojure.core.async.impl.ioc-macros/run-state-machine[39m
[35m          ioc_macros.clj:944 clojure.core.async.impl.ioc-macros/run-state-machine-wrapped[39m
[35m               async.clj:362 clojure.core.async/ioc-alts![fn][39m
[35m               async.clj:231 clojure.core.async/do-alts[fn][39m
[35m            channels.clj:262 clojure.core.async.impl.channels.ManyToManyChannel/fn[39m
[36m                 AFn.java:22 clojure.lang.AFn.run[39m
[34mThreadPoolExecutor.java:1142 java.util.concurrent.ThreadPoolExecutor.runWorker[39m
[34m ThreadPoolExecutor.java:617 java.util.concurrent.ThreadPoolExecutor$Worker.run[39m
[34m             Thread.java:745 java.lang.Thread.run[39m
[31mCaused by: [39m[31mclojure.lang.ExceptionInfo: [39m[31mUnmatched delimiter )[39m
[35m               core.clj:4403 clojure.core/ex-info[39m
[35m        reader_types.clj:337 clojure.tools.reader.reader-types/reader-error[39m
[36m             RestFn.java:439 clojure.lang.RestFn.invoke[39m
[35m               reader.clj:65 clojure.tools.reader/read-unmatched-delimiter[39m
[35m              reader.clj:158 clojure.tools.reader/read-delimited[39m
[35m              reader.clj:189 clojure.tools.reader/read-vector[39m
[35m              reader.clj:158 clojure.tools.reader/read-delimited[39m
[35m              reader.clj:189 clojure.tools.reader/read-vector[39m
[35m              reader.clj:158 clojure.tools.reader/read-delimited[39m
[35m              reader.clj:189 clojure.tools.reader/read-vector[39m
[35m              reader.clj:158 clojure.tools.reader/read-delimited[39m
[35m              reader.clj:170 clojure.tools.reader/read-list[39m
[35m              reader.clj:745 clojure.tools.reader/read[39m
[35m              reader.clj:730 clojure.tools.reader/read[39m
[32m           analyzer.clj:1757 cljs.analyzer/forms-seq[fn][39m
[32m           analyzer.clj:1751 cljs.analyzer/forms-seq[fn][39m
[36m             LazySeq.java:40 clojure.lang.LazySeq.sval[39m
[36m             LazySeq.java:49 clojure.lang.LazySeq.seq[39m
[36m                 RT.java:484 clojure.lang.RT.seq[39m
[35m                core.clj:133 clojure.core/seq[39m
[32m            compiler.clj:946 cljs.compiler/compile-file*[fn][39m
[32m            compiler.clj:906 cljs.compiler/with-core-cljs[39m
[32m            compiler.clj:927 cljs.compiler/compile-file*[39m
[32m           compiler.clj:1034 cljs.compiler/compile-file[39m
[0mCompiling "resources/public/js/app.js" from ["src/cljs" "env/dev/cljs"]...
[32mSuccessfully compiled "resources/public/js/app.js" in 0.322 seconds.[0m
notifying browser that file changed:  /js/out/recipes/core.js
[0mCompiling "resources/public/js/app.js" from ["src/cljs" "env/dev/cljs"]...
[32mSuccessfully compiled "resources/public/js/app.js" in 0.319 seconds.[0m
notifying browser that file changed:  /js/out/recipes/core.js
[0mCompiling "resources/public/js/app.js" from ["src/cljs" "env/dev/cljs"]...
[32mSuccessfully compiled "resources/public/js/app.js" in 0.28 seconds.[0m
notifying browser that file changed:  /js/out/recipes/core.js
[0mCompiling "resources/public/js/app.js" from ["src/cljs" "env/dev/cljs"]...
[32mSuccessfully compiled "resources/public/js/app.js" in 0.29 seconds.[0m
notifying browser that file changed:  /js/out/recipes/core.js
[0mCompiling "resources/public/js/app.js" from ["src/cljs" "env/dev/cljs"]...
[32mSuccessfully compiled "resources/public/js/app.js" in 0.288 seconds.[0m
notifying browser that file changed:  /js/out/recipes/core.js
Figwheel: focusing on build-ids (app)
[0mCompiling "resources/public/js/app.js" from ["src/cljs" "env/dev/cljs"]...
[32mSuccessfully compiled "resources/public/js/app.js" in 0.156 seconds.[0m
notifying browser that file changed:  /js/app.js
notifying browser that file changed:  /js/out/goog/deps.js
notifying browser that file changed:  /js/out/recipes/core.js
notifying browser that file changed:  /js/out/recipes/dev.js
Figwheel: focusing on build-ids (app)
[0mCompiling "resources/public/js/app.js" from ["src/cljs" "env/dev/cljs"]...
[32mSuccessfully compiled "resources/public/js/app.js" in 0.166 seconds.[0m
notifying browser that file changed:  /js/app.js
notifying browser that file changed:  /js/out/goog/deps.js
notifying browser that file changed:  /js/out/recipes/core.js
notifying browser that file changed:  /js/out/recipes/dev.js
Figwheel: focusing on build-ids (app)
[0mCompiling "resources/public/js/app.js" from ["src/cljs" "env/dev/cljs"]...
[32mSuccessfully compiled "resources/public/js/app.js" in 0.146 seconds.[0m
notifying browser that file changed:  /js/app.js
notifying browser that file changed:  /js/out/goog/deps.js
notifying browser that file changed:  /js/out/recipes/core.js
notifying browser that file changed:  /js/out/recipes/dev.js
Figwheel: focusing on build-ids (app)
[0mCompiling "resources/public/js/app.js" from ["src/cljs" "env/dev/cljs"]...
[32mSuccessfully compiled "resources/public/js/app.js" in 0.209 seconds.[0m
notifying browser that file changed:  /js/app.js
notifying browser that file changed:  /js/out/goog/deps.js
notifying browser that file changed:  /js/out/recipes/core.js
notifying browser that file changed:  /js/out/recipes/dev.js
